<?xml version="1.0" encoding="UTF-8"?>
<TestRun id="0cbfd8a2-a432-427a-bd76-191c90ad4412" name="plugged@NCI-01888648 2013-07-15 17:38:27" runUser="NIH\plugged" xmlns="http://microsoft.com/schemas/VisualStudio/TeamTest/2010">
  <TestSettings name="Default Test Settings" id="103f5577-1772-425b-9ace-3f95dcf44bfa">
    <Deployment userDeploymentRoot="M:\MyCode\MVC\MVCTDDWork\TestResults" useDefaultDeploymentRoot="false" runDeploymentRoot="plugged_NCI-01888648 2013-07-15 17_38_27">
      <DeploymentItem filename="M:\MyCode\MVC\MVCTDDWork\packages\Microsoft.AspNet.WebApi.Client.4.0.20710.0\lib\net40\System.Net.Http.Formatting.dll" />
      <DeploymentItem filename="M:\MyCode\MVC\MVCTDDWork\packages\Microsoft.AspNet.WebPages.2.0.20710.0\lib\net40\System.Web.WebPages.Deployment.dll" />
      <DeploymentItem filename="M:\MyCode\MVC\MVCTDDWork\packages\Microsoft.Net.Http.2.0.20710.0\lib\net40\System.Net.Http.dll" />
      <DeploymentItem filename="M:\MyCode\MVC\MVCTDDWork\MVCTDDWork\bin\MVCTDDWork.dll" />
      <DeploymentItem filename="M:\MyCode\MVC\MVCTDDWork\packages\Microsoft.AspNet.WebPages.2.0.20710.0\lib\net40\System.Web.WebPages.dll" />
      <DeploymentItem filename="M:\MyCode\MVC\MVCTDDWork\packages\Microsoft.AspNet.WebPages.2.0.20710.0\lib\net40\System.Web.WebPages.Razor.dll" />
      <DeploymentItem filename="M:\MyCode\MVC\MVCTDDWork\packages\Microsoft.AspNet.WebPages.2.0.20710.0\lib\net40\System.Web.Helpers.dll" />
      <DeploymentItem filename="M:\MyCode\MVC\MVCTDDWork\packages\Newtonsoft.Json.4.5.6\lib\net40\Newtonsoft.Json.dll" />
      <DeploymentItem filename="M:\MyCode\MVC\MVCTDDWork\packages\Microsoft.AspNet.WebApi.WebHost.4.0.20710.0\lib\net40\System.Web.Http.WebHost.dll" />
      <DeploymentItem filename="M:\MyCode\MVC\MVCTDDWork\packages\Microsoft.AspNet.Mvc.4.0.20710.0\lib\net40\System.Web.Mvc.dll" />
      <DeploymentItem filename="M:\MyCode\MVC\MVCTDDWork\packages\Microsoft.Web.Infrastructure.1.0.0.0\lib\net40\Microsoft.Web.Infrastructure.dll" />
      <DeploymentItem filename="M:\MyCode\MVC\MVCTDDWork\packages\Microsoft.AspNet.WebApi.Core.4.0.20710.0\lib\net40\System.Web.Http.dll" />
      <DeploymentItem filename="M:\MyCode\MVC\MVCTDDWork\packages\Microsoft.Net.Http.2.0.20710.0\lib\net40\System.Net.Http.WebRequest.dll" />
      <DeploymentItem filename="M:\MyCode\MVC\MVCTDDWork\packages\Microsoft.AspNet.Razor.2.0.20710.0\lib\net40\System.Web.Razor.dll" />
    </Deployment>
    <Execution>
      <TestTypeSpecific />
      <AgentRule name="Execution Agents">
      </AgentRule>
    </Execution>
  </TestSettings>
  <Times creation="2013-07-15T17:38:27.6229844-04:00" queuing="2013-07-15T17:38:27.8920113-04:00" start="2013-07-15T17:38:27.8970118-04:00" finish="2013-07-15T17:38:28.0320253-04:00" />
  <ResultSummary outcome="Completed">
    <Counters total="1" executed="1" passed="1" error="0" failed="0" timeout="0" aborted="0" inconclusive="0" passedButRunAborted="0" notRunnable="0" notExecuted="0" disconnected="0" warning="0" completed="0" inProgress="0" pending="0" />
  </ResultSummary>
  <TestDefinitions>
    <UnitTest name="VerifyLoginControllerExists" storage="m:\mycode\mvc\mvctddwork\mvctddwork.tests\bin\debug\mvctddwork.tests.dll" id="e709b664-3bd2-b182-2711-c863994b7133">
      <Execution id="475e9e97-22cf-46ec-ba55-93c31847e8e0" />
      <TestMethod codeBase="M:/MyCode/MVC/MVCTDDWork/MVCTDDWork.Tests/bin/Debug/MVCTDDWork.Tests.DLL" adapterTypeName="Microsoft.VisualStudio.TestTools.TestTypes.Unit.UnitTestAdapter, Microsoft.VisualStudio.QualityTools.Tips.UnitTest.Adapter, Version=10.0.0.0, Culture=neutral, PublicKeyToken=b03f5f7f11d50a3a" className="MVCTDDWork.Tests.LoginControllerTest, MVCTDDWork.Tests, Version=1.0.0.0, Culture=neutral, PublicKeyToken=null" name="VerifyLoginControllerExists" />
    </UnitTest>
  </TestDefinitions>
  <TestLists>
    <TestList name="Results Not in a List" id="8c84fa94-04c1-424b-9868-57a2d4851a1d" />
    <TestList name="All Loaded Results" id="19431567-8539-422a-85d7-44ee4e166bda" />
  </TestLists>
  <TestEntries>
    <TestEntry testId="e709b664-3bd2-b182-2711-c863994b7133" executionId="475e9e97-22cf-46ec-ba55-93c31847e8e0" testListId="8c84fa94-04c1-424b-9868-57a2d4851a1d" />
  </TestEntries>
  <Results>
    <UnitTestResult executionId="475e9e97-22cf-46ec-ba55-93c31847e8e0" testId="e709b664-3bd2-b182-2711-c863994b7133" testName="VerifyLoginControllerExists" computerName="NCI-01888648" duration="00:00:00.0169816" startTime="2013-07-15T17:38:27.8980119-04:00" endTime="2013-07-15T17:38:28.0240245-04:00" testType="13cdc9d9-ddb5-4fa4-a97d-d965ccfc6d4b" outcome="Passed" testListId="8c84fa94-04c1-424b-9868-57a2d4851a1d" relativeResultsDirectory="475e9e97-22cf-46ec-ba55-93c31847e8e0">
    </UnitTestResult>
  </Results>
</TestRun>