<?xml version="1.0" encoding="UTF-8"?>
<TestRun id="7b5bfc9f-16af-4ba4-8cb0-b508c6776aad" name="plugged@NCI-01888648 2013-07-15 18:01:42" runUser="NIH\plugged" xmlns="http://microsoft.com/schemas/VisualStudio/TeamTest/2010">
  <TestSettings name="Default Test Settings" id="21a27119-9107-40ab-8be3-b77d3cf50fb3">
    <Deployment runDeploymentRoot="plugged_NCI-01888648 2013-07-15 18_01_42">
      <DeploymentItem filename="M:\MyCode\MVC\MVCTDDWork\packages\Microsoft.Web.Infrastructure.1.0.0.0\lib\net40\Microsoft.Web.Infrastructure.dll" />
      <DeploymentItem filename="M:\MyCode\MVC\MVCTDDWork\packages\Microsoft.AspNet.WebPages.2.0.20710.0\lib\net40\System.Web.WebPages.Deployment.dll" />
      <DeploymentItem filename="M:\MyCode\MVC\MVCTDDWork\packages\Microsoft.Net.Http.2.0.20710.0\lib\net40\System.Net.Http.dll" />
      <DeploymentItem filename="M:\MyCode\MVC\MVCTDDWork\packages\Microsoft.AspNet.WebPages.2.0.20710.0\lib\net40\System.Web.Helpers.dll" />
      <DeploymentItem filename="M:\MyCode\MVC\MVCTDDWork\MVCTDDWork\bin\MVCTDDWork.dll" />
      <DeploymentItem filename="M:\MyCode\MVC\MVCTDDWork\packages\Microsoft.AspNet.WebPages.2.0.20710.0\lib\net40\System.Web.WebPages.dll" />
      <DeploymentItem filename="M:\MyCode\MVC\MVCTDDWork\packages\Microsoft.AspNet.WebPages.2.0.20710.0\lib\net40\System.Web.WebPages.Razor.dll" />
      <DeploymentItem filename="M:\MyCode\MVC\MVCTDDWork\packages\Microsoft.AspNet.WebApi.Core.4.0.20710.0\lib\net40\System.Web.Http.dll" />
      <DeploymentItem filename="M:\MyCode\MVC\MVCTDDWork\packages\Microsoft.AspNet.WebApi.Client.4.0.20710.0\lib\net40\System.Net.Http.Formatting.dll" />
      <DeploymentItem filename="M:\MyCode\MVC\MVCTDDWork\packages\Microsoft.AspNet.WebApi.WebHost.4.0.20710.0\lib\net40\System.Web.Http.WebHost.dll" />
      <DeploymentItem filename="M:\MyCode\MVC\MVCTDDWork\packages\Microsoft.AspNet.Mvc.4.0.20710.0\lib\net40\System.Web.Mvc.dll" />
      <DeploymentItem filename="M:\MyCode\MVC\MVCTDDWork\packages\Newtonsoft.Json.4.5.6\lib\net40\Newtonsoft.Json.dll" />
      <DeploymentItem filename="M:\MyCode\MVC\MVCTDDWork\packages\Microsoft.Net.Http.2.0.20710.0\lib\net40\System.Net.Http.WebRequest.dll" />
      <DeploymentItem filename="M:\MyCode\MVC\MVCTDDWork\packages\Microsoft.AspNet.Razor.2.0.20710.0\lib\net40\System.Web.Razor.dll" />
    </Deployment>
    <Execution>
      <TestTypeSpecific />
      <AgentRule name="Execution Agents">
      </AgentRule>
    </Execution>
  </TestSettings>
  <Times creation="2013-07-15T18:01:42.1813745-04:00" queuing="2013-07-15T18:01:42.5333745-04:00" start="2013-07-15T18:01:42.5383745-04:00" finish="2013-07-15T18:01:42.7033745-04:00" />
  <ResultSummary outcome="Failed">
    <Counters total="2" executed="2" passed="1" error="0" failed="1" timeout="0" aborted="0" inconclusive="0" passedButRunAborted="0" notRunnable="0" notExecuted="0" disconnected="0" warning="0" completed="0" inProgress="0" pending="0" />
  </ResultSummary>
  <TestDefinitions>
    <UnitTest name="FormSubmitTest" storage="m:\mycode\mvc\mvctddwork\mvctddwork.tests\bin\debug\mvctddwork.tests.dll" id="4fc930d6-6814-04f2-bb4a-d2b095f5d1d9">
      <Execution id="65ae32a8-f12b-4154-ad3e-8cfe883f025a" />
      <TestMethod codeBase="M:/MyCode/MVC/MVCTDDWork/MVCTDDWork.Tests/bin/Debug/MVCTDDWork.Tests.DLL" adapterTypeName="Microsoft.VisualStudio.TestTools.TestTypes.Unit.UnitTestAdapter, Microsoft.VisualStudio.QualityTools.Tips.UnitTest.Adapter, Version=10.0.0.0, Culture=neutral, PublicKeyToken=b03f5f7f11d50a3a" className="MVCTDDWork.Tests.LoginControllerTest, MVCTDDWork.Tests, Version=1.0.0.0, Culture=neutral, PublicKeyToken=null" name="FormSubmitTest" />
    </UnitTest>
    <UnitTest name="VerifyLoginControllerExists" storage="m:\mycode\mvc\mvctddwork\mvctddwork.tests\bin\debug\mvctddwork.tests.dll" id="e709b664-3bd2-b182-2711-c863994b7133">
      <Execution id="65b5454f-f2bb-4962-a6e4-3a48609f788a" />
      <TestMethod codeBase="M:/MyCode/MVC/MVCTDDWork/MVCTDDWork.Tests/bin/Debug/MVCTDDWork.Tests.DLL" adapterTypeName="Microsoft.VisualStudio.TestTools.TestTypes.Unit.UnitTestAdapter, Microsoft.VisualStudio.QualityTools.Tips.UnitTest.Adapter, Version=10.0.0.0, Culture=neutral, PublicKeyToken=b03f5f7f11d50a3a" className="MVCTDDWork.Tests.LoginControllerTest, MVCTDDWork.Tests, Version=1.0.0.0, Culture=neutral, PublicKeyToken=null" name="VerifyLoginControllerExists" />
    </UnitTest>
  </TestDefinitions>
  <TestLists>
    <TestList name="Results Not in a List" id="8c84fa94-04c1-424b-9868-57a2d4851a1d" />
    <TestList name="All Loaded Results" id="19431567-8539-422a-85d7-44ee4e166bda" />
  </TestLists>
  <TestEntries>
    <TestEntry testId="4fc930d6-6814-04f2-bb4a-d2b095f5d1d9" executionId="65ae32a8-f12b-4154-ad3e-8cfe883f025a" testListId="8c84fa94-04c1-424b-9868-57a2d4851a1d" />
    <TestEntry testId="e709b664-3bd2-b182-2711-c863994b7133" executionId="65b5454f-f2bb-4962-a6e4-3a48609f788a" testListId="8c84fa94-04c1-424b-9868-57a2d4851a1d" />
  </TestEntries>
  <Results>
    <UnitTestResult executionId="65ae32a8-f12b-4154-ad3e-8cfe883f025a" testId="4fc930d6-6814-04f2-bb4a-d2b095f5d1d9" testName="FormSubmitTest" computerName="NCI-01888648" duration="00:00:00.0288137" startTime="2013-07-15T18:01:42.5423745-04:00" endTime="2013-07-15T18:01:42.6913745-04:00" testType="13cdc9d9-ddb5-4fa4-a97d-d965ccfc6d4b" outcome="Failed" testListId="8c84fa94-04c1-424b-9868-57a2d4851a1d" relativeResultsDirectory="65ae32a8-f12b-4154-ad3e-8cfe883f025a">
      <Output>
        <ErrorInfo>
          <Message>Test method MVCTDDWork.Tests.LoginControllerTest.FormSubmitTest threw exception: 
System.NotImplementedException: The method or operation is not implemented.</Message>
          <StackTrace>    at MVCTDDWork.LoginController.FormSubmit(String name, String pass) in M:\MyCode\MVC\MVCTDDWork\MVCTDDWork\LoginController.vb:line 16
   at MVCTDDWork.Tests.LoginControllerTest.FormSubmitTest() in M:\MyCode\MVC\MVCTDDWork\MVCTDDWork.Tests\Controllers\LoginControllerTest.vb:line 25
</StackTrace>
        </ErrorInfo>
      </Output>
    </UnitTestResult>
    <UnitTestResult executionId="65b5454f-f2bb-4962-a6e4-3a48609f788a" testId="e709b664-3bd2-b182-2711-c863994b7133" testName="VerifyLoginControllerExists" computerName="NCI-01888648" duration="00:00:00.0003238" startTime="2013-07-15T18:01:42.6923745-04:00" endTime="2013-07-15T18:01:42.6943745-04:00" testType="13cdc9d9-ddb5-4fa4-a97d-d965ccfc6d4b" outcome="Passed" testListId="8c84fa94-04c1-424b-9868-57a2d4851a1d" relativeResultsDirectory="65b5454f-f2bb-4962-a6e4-3a48609f788a">
    </UnitTestResult>
  </Results>
</TestRun>